<?xml version="1.0" encoding="UTF-8"?>
<robot generator="Robot 7.0 (Python 3.12.0 on win32)" generated="2024-01-29T14:55:36.639664" rpa="false" schemaversion="5">
<suite id="s1" name="Testyaowalak" source="c:\Testrobotframe\testyaowalak.robot">
<test id="s1-t1" name="Home page with valid info" line="51">
<kw name="Open Browser" owner="SeleniumLibrary">
<msg time="2024-01-29T14:55:36.986785" level="INFO">Opening browser 'chrome' to base url 'about:blank'.</msg>
<arg>about:blank</arg>
<arg>chrome</arg>
<doc>Opens a new browser instance to the optional ``url``.</doc>
<status status="PASS" start="2024-01-29T14:55:36.986785" elapsed="2.616632"/>
</kw>
<kw name="Go To" owner="SeleniumLibrary">
<msg time="2024-01-29T14:55:39.604438" level="INFO">Opening url 'http://automationexercise.com'</msg>
<arg>${$url}</arg>
<doc>Navigates the current browser window to the provided ``url``.</doc>
<status status="PASS" start="2024-01-29T14:55:39.604438" elapsed="2.996429"/>
</kw>
<kw name="Clike Contact Element">
<kw name="Click Element" owner="SeleniumLibrary">
<msg time="2024-01-29T14:55:42.608691" level="INFO">Clicking element '//*[@id="header"]/div/div/div/div[2]/div/ul/li[8]/a'.</msg>
<arg>//*[@id="header"]/div/div/div/div[2]/div/ul/li[8]/a</arg>
<doc>Click the element identified by ``locator``.</doc>
<status status="PASS" start="2024-01-29T14:55:42.608691" elapsed="2.820910"/>
</kw>
<status status="PASS" start="2024-01-29T14:55:42.608691" elapsed="2.820910"/>
</kw>
<kw name="Input name">
<kw name="Input Text" owner="SeleniumLibrary">
<msg time="2024-01-29T14:55:45.434285" level="INFO">Typing text 'Testfern' into text field '//*[@name="name"]'.</msg>
<arg>//*[@name="name"]</arg>
<arg>${name}</arg>
<doc>Types the given ``text`` into the text field identified by ``locator``.</doc>
<status status="PASS" start="2024-01-29T14:55:45.429601" elapsed="0.218468"/>
</kw>
<arg>${name}</arg>
<status status="PASS" start="2024-01-29T14:55:45.429601" elapsed="0.218468"/>
</kw>
<kw name="Input email">
<kw name="Input Text" owner="SeleniumLibrary">
<msg time="2024-01-29T14:55:45.650671" level="INFO">Typing text 'Farnji77@gmail.com' into text field '//*[@name="email"]'.</msg>
<arg>//*[@name="email"]</arg>
<arg>${email}</arg>
<doc>Types the given ``text`` into the text field identified by ``locator``.</doc>
<status status="PASS" start="2024-01-29T14:55:45.650076" elapsed="0.132662"/>
</kw>
<arg>${email}</arg>
<status status="PASS" start="2024-01-29T14:55:45.648069" elapsed="0.134669"/>
</kw>
<kw name="Input subject">
<kw name="Input Text" owner="SeleniumLibrary">
<msg time="2024-01-29T14:55:45.785601" level="INFO">Typing text 'ระบบขัดข้อง' into text field '//*[@name="subject"]'.</msg>
<arg>//*[@name="subject"]</arg>
<arg>${subject}</arg>
<doc>Types the given ``text`` into the text field identified by ``locator``.</doc>
<status status="PASS" start="2024-01-29T14:55:45.785601" elapsed="0.137966"/>
</kw>
<arg>${subject}</arg>
<status status="PASS" start="2024-01-29T14:55:45.785601" elapsed="0.137966"/>
</kw>
<kw name="Input message">
<kw name="Input Text" owner="SeleniumLibrary">
<msg time="2024-01-29T14:55:45.923567" level="INFO">Typing text 'กดของใส่ตะกร้าไม่ได้' into text field '//*[@name="message"]'.</msg>
<arg>//*[@name="message"]</arg>
<arg>${message}</arg>
<doc>Types the given ``text`` into the text field identified by ``locator``.</doc>
<status status="PASS" start="2024-01-29T14:55:45.923567" elapsed="0.195302"/>
</kw>
<arg>${message}</arg>
<status status="PASS" start="2024-01-29T14:55:45.923567" elapsed="0.195302"/>
</kw>
<kw name="Choose File" owner="SeleniumLibrary">
<msg time="2024-01-29T14:55:46.118869" level="INFO">Sending c:\Testrobotframe\1_137.jpg to browser.</msg>
<arg>${btnSelectWordfile}</arg>
<arg>c:\\Testrobotframe${/}${imgFile}</arg>
<doc>Inputs the ``file_path`` into the file input field ``locator``.</doc>
<status status="PASS" start="2024-01-29T14:55:46.118869" elapsed="0.040791"/>
</kw>
<kw name="Clike Submit Button">
<kw name="Click Button" owner="SeleniumLibrary">
<msg time="2024-01-29T14:55:46.159660" level="INFO">Clicking button '//*[@id="contact-us-form"]/div[6]/input'.</msg>
<arg>//*[@id="contact-us-form"]/div[6]/input</arg>
<doc>Clicks the button identified by ``locator``.</doc>
<status status="PASS" start="2024-01-29T14:55:46.159660" elapsed="0.114029"/>
</kw>
<status status="PASS" start="2024-01-29T14:55:46.159660" elapsed="0.114029"/>
</kw>
<doc>Verify that home page is visible successfully</doc>
<status status="PASS" start="2024-01-29T14:55:36.986785" elapsed="9.286904"/>
</test>
<doc>This is a sample test suite using Robot Framework</doc>
<status status="PASS" start="2024-01-29T14:55:36.647783" elapsed="9.625906"/>
</suite>
<statistics>
<total>
<stat pass="1" fail="0" skip="0">All Tests</stat>
</total>
<tag>
</tag>
<suite>
<stat pass="1" fail="0" skip="0" id="s1" name="Testyaowalak">Testyaowalak</stat>
</suite>
</statistics>
<errors>
</errors>
</robot>
